Notepad++ v8.4.8 bug-fixes and new features:

1.  Update to Scintilla 5.3.2 and Lexilla 5.2.1.
2.  Dark mode: Add "Follow Windows dark/light mode" feature, and toolbar, tabbar and theme choices are remembered for 2 modes separately.
3.  Fix inconsistencies at OS-forced Notepad++ v8.4.7 exit.
4.  Make tab context menu customizable.
5.  Make Macro & Run menu reorganizable with sub-menu by modifying shortcuts.xml.
6.  Fix crash on Win32 Namespace prefixed file name.
7.  Fix delimiter selection crash issue.
8.  Improve performance for the "Remove Empty Lines" command.
9.  Fix theme not working in cloud mode and portable mode issue.
10. Fix autocomplete/calltip colors not applied when changing themes.
11. Add dark autocompletion icons for dark themes.
12. Fix search result not applying new theme.
13. Fix sorting failure in zero-length column mode selection.
14. Fix Default Language not working for the 1st empty file with empty session.
15. Enhance "Go to settings" in Style Configurator.
16. Fix themes' inconsistent behaviour.
17. Fix incorrect plugin architecture reports partially.
18. Enhance Properties file: add/improve the syntax folding/highlighting.
19. Add vertical scroll bar on all combobox in Find Replace dialog.
20. Function List: Add Pascal/Delphi & NppExec plugin's scripting, enhance SQL.
21. Autocompletion: add PowerShell, fix some entries in PHP, update for Lua.
22. Update CPP & PowerShell keywords.
23. Fix tab context menu reload command's state not synchronized.

Get more info on
https://notepad-plus-plus.org/downloads/v8.4.8/


Included plugins:

1.  NppExport v0.4
2.  Converter v4.5
3.  Mime Tool v2.9


Updater (Installer only):

* WinGup (for Notepad++) v5.2.4


***************************************************************************************************************

An investment proposal is a document that introduces a business idea and model and requests funding from investors. The items of an investment proposal are as follows.

Business overview: Briefly introduce the business idea and purpose, market analysis and competitiveness, etc.
Business model: Explain in detail the revenue sources and cost structure of the business, customer segmentation and value proposition, etc.
Business strategy: Present the growth strategy and marketing method of the business, partnership formation, etc.
Financial plan: Write down the revenue forecast and break-even analysis of the business, fund management plan, etc.
Team introduction: Introduce the career and competence of founders and key personnel, role allocation, etc.
Investment request: Request for funding size and purpose, expected return rate and exit method.

---
Note: The Korean content that was previously in this file was corrupted due to encoding issues 
(original EUC-KR text was improperly converted and became unrecoverable).
This file is now saved as UTF-8.